<?xml version="1.0" encoding="UTF-8"?>
<!-- Generated by org.testng.reporters.JUnitReportReporter -->
<testsuite hostname="LAPTOP-0E4SUFBQ" failures="0" tests="1" name="com.Testautomation.apiTesting.test.PutApiRequest" time="3.377" errors="0" timestamp="2024-01-29T11:19:29 EST" skipped="0">
  <testcase classname="com.Testautomation.apiTesting.test.PutApiRequest" name="postApiRequest" time="3.377"/>
  <system-out/>
</testsuite> <!-- com.Testautomation.apiTesting.test.PutApiRequest -->
