<?xml version="1.0" encoding="UTF-8"?>
<!-- Generated by org.testng.reporters.JUnitReportReporter -->
<testsuite hostname="LAPTOP-0E4SUFBQ" failures="0" tests="1" name="com.Testautomation.apiTesting.APIRequest" time="1.796" errors="0" timestamp="2024-01-23T10:54:09 EST" skipped="0">
  <testcase classname="com.Testautomation.apiTesting.APIRequest" name="getAllBookings" time="1.796"/>
  <system-out/>
</testsuite> <!-- com.Testautomation.apiTesting.APIRequest -->
