<?xml version="1.0" encoding="UTF-8"?>
<!-- Generated by org.testng.reporters.JUnitReportReporter -->
<testsuite hostname="LAPTOP-0E4SUFBQ" failures="0" tests="1" name="com.ApiTesting.Pojo.test.PostApiRequestUsingPOJO" time="3.119" errors="0" timestamp="2024-01-26T13:30:51 EST" skipped="0">
  <testcase classname="com.ApiTesting.Pojo.test.PostApiRequestUsingPOJO" name="postApiRequest" time="3.119"/>
  <system-out/>
</testsuite> <!-- com.ApiTesting.Pojo.test.PostApiRequestUsingPOJO -->
