<?xml version="1.0" encoding="UTF-8"?>
<!-- Generated by org.testng.reporters.JUnitReportReporter -->
<testsuite hostname="LAPTOP-0E4SUFBQ" failures="0" tests="1" name="com.Testautomation.apiTesting.test.PostApiRequestUsingFile" time="2.282" errors="0" timestamp="2024-01-25T13:01:47 EST" skipped="0">
  <testcase classname="com.Testautomation.apiTesting.test.PostApiRequestUsingFile" name="postApiRequest" time="2.282"/>
  <system-out/>
</testsuite> <!-- com.Testautomation.apiTesting.test.PostApiRequestUsingFile -->
