<?xml version="1.0" encoding="UTF-8"?>
<!-- Generated by org.testng.reporters.JUnitReportReporter -->
<testsuite hostname="LAPTOP-0E4SUFBQ" failures="0" tests="1" name="com.Testautomation.apiTesting.test.EndToEndApiCall" time="4.709" errors="0" timestamp="2024-01-29T12:37:01 EST" skipped="0">
  <testcase classname="com.Testautomation.apiTesting.test.EndToEndApiCall" name="postApiRequest" time="4.709"/>
</testsuite> <!-- com.Testautomation.apiTesting.test.EndToEndApiCall -->
